        -:    0:Source:main.c
        -:    0:Programs:1
        -:    1:#include "eggshell.h"
        -:    2:#include "linenoise.h"
        -:    3:#include <stdio.h>
        -:    4:
        1:    5:int main(int argc, char *argv[]){
        1:    6:  initEggshell();
        -:    7:
        1:    8:  char *prompt = value("PROMPT");
        -:    9:
        8:   10:  while((line = linenoise(prompt)) != NULL) {
        7:   11:    int parsed = parseLine(line);
        6:   12:    if(parsed == 1){
        3:   13:      printf("--- Assignment Detected ---\n");
        3:   14:      createVar(line);
        -:   15:    }
        3:   16:    else if(parsed == 3){
        1:   17:      showShellVars();
        -:   18:    }
        2:   19:    else if(parsed == 4){
        1:   20:      displayUserVars();
        -:   21:    }
        6:   22:    linenoiseFree(line);
        -:   23:  }
        -:   24:}
